<?xml version="1.0" encoding="UTF-8"?>
<!-- Generated by org.testng.reporters.JUnitReportReporter -->
<testsuite skipped="0" hostname="Ramya" name="com.qa.rest.tests.GetCallBDD" tests="1" failures="0" timestamp="01 Dec 2018 19:00:25 GMT" time="3.650" errors="0">
  <testcase name="test_numberOfCircuitsFor2017_Season" time="3.650" classname="com.qa.rest.tests.GetCallBDD"/>
</testsuite> <!-- com.qa.rest.tests.GetCallBDD -->
