<?xml version="1.0" encoding="UTF-8"?>
<!-- Generated by org.testng.reporters.JUnitReportReporter -->
<testsuite skipped="0" hostname="Ramya" name="com.qa.rest.tests.GetWeatherInfoWithQueryParams" tests="1" failures="0" timestamp="02 Dec 2018 07:10:02 GMT" time="3.760" errors="0">
  <testcase name="getWeatherInfoWithOneQueryParam" time="3.760" classname="com.qa.rest.tests.GetWeatherInfoWithQueryParams"/>
</testsuite> <!-- com.qa.rest.tests.GetWeatherInfoWithQueryParams -->
